Using pre-set license
Built from '2022.3/staging' branch; Version is '2022.3.21f1 (bf09ca542b87) revision 12519882'; Using compiler version '192829333'; Build Type 'Release'
OS: 'Windows 10  (10.0.19045) 64bit Professional' Language: 'es' Physical Memory: 8125 MB
BatchMode: 1, IsHumanControllingUs: 0, StartBugReporterOnCrash: 0, Is64bit: 1, IsPro: 1

COMMAND LINE ARGUMENTS:
C:\Program Files\Unity\Hub\Editor\2022.3.21f1\Editor\Unity.exe
-adb2
-batchMode
-noUpm
-name
AssetImportWorker0
-projectPath
C:/Users/Usuario/Documents/dsi/Flesbos omg
-logFile
Logs/AssetImportWorker0.log
-srvPort
58398
Successfully changed project path to: C:/Users/Usuario/Documents/dsi/Flesbos omg
C:/Users/Usuario/Documents/dsi/Flesbos omg
[UnityMemory] Configuration Parameters - Can be set up in boot.config
    "memorysetup-bucket-allocator-granularity=16"
    "memorysetup-bucket-allocator-bucket-count=8"
    "memorysetup-bucket-allocator-block-size=33554432"
    "memorysetup-bucket-allocator-block-count=8"
    "memorysetup-main-allocator-block-size=16777216"
    "memorysetup-thread-allocator-block-size=16777216"
    "memorysetup-gfx-main-allocator-block-size=16777216"
    "memorysetup-gfx-thread-allocator-block-size=16777216"
    "memorysetup-cache-allocator-block-size=4194304"
    "memorysetup-typetree-allocator-block-size=2097152"
    "memorysetup-profiler-bucket-allocator-granularity=16"
    "memorysetup-profiler-bucket-allocator-bucket-count=8"
    "memorysetup-profiler-bucket-allocator-block-size=33554432"
    "memorysetup-profiler-bucket-allocator-block-count=8"
    "memorysetup-profiler-allocator-block-size=16777216"
    "memorysetup-profiler-editor-allocator-block-size=1048576"
    "memorysetup-temp-allocator-size-main=16777216"
    "memorysetup-job-temp-allocator-block-size=2097152"
    "memorysetup-job-temp-allocator-block-size-background=1048576"
    "memorysetup-job-temp-allocator-reduction-small-platforms=262144"
    "memorysetup-allocator-temp-initial-block-size-main=262144"
    "memorysetup-allocator-temp-initial-block-size-worker=262144"
    "memorysetup-temp-allocator-size-background-worker=32768"
    "memorysetup-temp-allocator-size-job-worker=262144"
    "memorysetup-temp-allocator-size-preload-manager=33554432"
    "memorysetup-temp-allocator-size-nav-mesh-worker=65536"
    "memorysetup-temp-allocator-size-audio-worker=65536"
    "memorysetup-temp-allocator-size-cloud-worker=32768"
    "memorysetup-temp-allocator-size-gi-baking-worker=262144"
    "memorysetup-temp-allocator-size-gfx=262144"
Player connection [8724] Host "[IP] 192.168.1.40 [Port] 0 [Flags] 2 [Guid] 524126456 [EditorId] 524126456 [Version] 1048832 [Id] WindowsEditor(7,DESKTOP-SOS1F5E) [Debug] 1 [PackageName] WindowsEditor [ProjectName] Editor" joined multi-casting on [225.0.0.222:54997]...

Player connection [8724] Host "[IP] 192.168.1.40 [Port] 0 [Flags] 2 [Guid] 524126456 [EditorId] 524126456 [Version] 1048832 [Id] WindowsEditor(7,DESKTOP-SOS1F5E) [Debug] 1 [PackageName] WindowsEditor [ProjectName] Editor" joined alternative multi-casting on [225.0.0.222:34997]...

[Physics::Module] Initialized MultithreadedJobDispatcher with 5 workers.
Refreshing native plugins compatible for Editor in 1433.07 ms, found 4 plugins.
Preloading 0 native plugins for Editor in 0.00 ms.
Initialize engine version: 2022.3.21f1 (bf09ca542b87)
[Subsystems] Discovering subsystems at path C:/Program Files/Unity/Hub/Editor/2022.3.21f1/Editor/Data/Resources/UnitySubsystems
[Subsystems] Discovering subsystems at path C:/Users/Usuario/Documents/dsi/Flesbos omg/Assets
GfxDevice: creating device client; threaded=0; jobified=0
Direct3D:
    Version:  Direct3D 11.0 [level 11.1]
    Renderer: NVIDIA GeForce GTX 1050 Ti (ID=0x1c82)
    Vendor:   NVIDIA
    VRAM:     4017 MB
Initialize mono
Mono path[0] = 'C:/Program Files/Unity/Hub/Editor/2022.3.21f1/Editor/Data/Managed'
Mono path[1] = 'C:/Program Files/Unity/Hub/Editor/2022.3.21f1/Editor/Data/MonoBleedingEdge/lib/mono/unityjit-win32'
Mono config path = 'C:/Program Files/Unity/Hub/Editor/2022.3.21f1/Editor/Data/MonoBleedingEdge/etc'
Using monoOptions --debugger-agent=transport=dt_socket,embedding=1,server=y,suspend=n,address=127.0.0.1:56768
Begin MonoManager ReloadAssembly
Registering precompiled unity dll's ...
Register platform support module: C:/Program Files/Unity/Hub/Editor/2022.3.21f1/Editor/Data/PlaybackEngines/WindowsStandaloneSupport/UnityEditor.WindowsStandalone.Extensions.dll
Registered in 0.021413 seconds.
- Loaded All Assemblies, in  0.748 seconds
Native extension for WindowsStandalone target not found
Mono: successfully reloaded assembly
- Finished resetting the current domain, in  0.348 seconds
Domain Reload Profiling: 1092ms
	BeginReloadAssembly (429ms)
		ExecutionOrderSort (0ms)
		DisableScriptedObjects (0ms)
		BackupInstance (0ms)
		ReleaseScriptingObjects (0ms)
		CreateAndSetChildDomain (1ms)
	RebuildCommonClasses (41ms)
	RebuildNativeTypeToScriptingClass (13ms)
	initialDomainReloadingComplete (89ms)
	LoadAllAssembliesAndSetupDomain (172ms)
		LoadAssemblies (420ms)
		RebuildTransferFunctionScriptingTraits (0ms)
		AnalyzeDomain (170ms)
			TypeCache.Refresh (169ms)
				TypeCache.ScanAssembly (152ms)
			ScanForSourceGeneratedMonoScriptInfo (0ms)
			ResolveRequiredComponents (1ms)
	FinalizeReload (348ms)
		ReleaseScriptCaches (0ms)
		RebuildScriptCaches (0ms)
		SetupLoadedEditorAssemblies (271ms)
			LogAssemblyErrors (0ms)
			InitializePlatformSupportModulesInManaged (14ms)
			SetLoadedEditorAssemblies (11ms)
			RefreshPlugins (0ms)
			BeforeProcessingInitializeOnLoad (2ms)
			ProcessInitializeOnLoadAttributes (172ms)
			ProcessInitializeOnLoadMethodAttributes (71ms)
			AfterProcessingInitializeOnLoad (0ms)
			EditorAssembliesLoaded (0ms)
		ExecutionOrderSort2 (0ms)
		AwakeInstancesAfterBackupRestoration (0ms)
========================================================================
Worker process is ready to serve import requests
Begin MonoManager ReloadAssembly
- Loaded All Assemblies, in  1.161 seconds
Refreshing native plugins compatible for Editor in 7.72 ms, found 4 plugins.
Native extension for WindowsStandalone target not found
Package Manager log level set to [2]
[Package Manager] Server::EnsureServerProcessIsRunning -- launch failed, reason: Unity was launched with the -noUpm command-line argument
[Package Manager] UpmClient::Send -- Unable to send message (not connected to UPM process).
[Package Manager] Cannot connect to Unity Package Manager local server
Mono: successfully reloaded assembly
- Finished resetting the current domain, in  0.751 seconds
Domain Reload Profiling: 1902ms
	BeginReloadAssembly (187ms)
		ExecutionOrderSort (0ms)
		DisableScriptedObjects (6ms)
		BackupInstance (0ms)
		ReleaseScriptingObjects (0ms)
		CreateAndSetChildDomain (26ms)
	RebuildCommonClasses (39ms)
	RebuildNativeTypeToScriptingClass (13ms)
	initialDomainReloadingComplete (60ms)
	LoadAllAssembliesAndSetupDomain (852ms)
		LoadAssemblies (725ms)
		RebuildTransferFunctionScriptingTraits (0ms)
		AnalyzeDomain (240ms)
			TypeCache.Refresh (205ms)
				TypeCache.ScanAssembly (178ms)
			ScanForSourceGeneratedMonoScriptInfo (27ms)
			ResolveRequiredComponents (6ms)
	FinalizeReload (751ms)
		ReleaseScriptCaches (0ms)
		RebuildScriptCaches (0ms)
		SetupLoadedEditorAssemblies (570ms)
			LogAssemblyErrors (0ms)
			InitializePlatformSupportModulesInManaged (10ms)
			SetLoadedEditorAssemblies (4ms)
			RefreshPlugins (0ms)
			BeforeProcessingInitializeOnLoad (96ms)
			ProcessInitializeOnLoadAttributes (402ms)
			ProcessInitializeOnLoadMethodAttributes (42ms)
			AfterProcessingInitializeOnLoad (15ms)
			EditorAssembliesLoaded (0ms)
		ExecutionOrderSort2 (0ms)
		AwakeInstancesAfterBackupRestoration (7ms)
Launched and connected shader compiler UnityShaderCompiler.exe after 0.09 seconds
Refreshing native plugins compatible for Editor in 7.91 ms, found 4 plugins.
Preloading 0 native plugins for Editor in 0.00 ms.
Unloading 4079 Unused Serialized files (Serialized files now loaded: 0)
Unloading 64 unused Assets / (61.5 KB). Loaded Objects now: 4540.
Memory consumption went from 148.1 MB to 148.0 MB.
Total: 3.910900 ms (FindLiveObjects: 0.334100 ms CreateObjectMapping: 0.301200 ms MarkObjects: 3.142900 ms  DeleteObjects: 0.131700 ms)

AssetImportParameters requested are different than current active one (requested -> active):
  custom:container-demuxer-ogg: 62fdf1f143b41e24485cea50d1cbac27 -> 
  custom:video-decoder-ogg-theora: a1e56fd34408186e4bbccfd4996cb3dc -> 
  custom:framework-win-MediaFoundation: 216162199b28c13a410421893ffa2e32 -> 
  custom:CustomObjectIndexerAttribute: 9a22284fe3817be447336de3de66b15e -> 
  custom:container-demuxer-webm: 4f35f7cbe854078d1ac9338744f61a02 -> 
  custom:container-muxer-webm: aa71ff27fc2769a1b78a27578f13a17b -> 
  custom:video-decoder-webm-vp8: 9c59270c3fd7afecdb556c50c9e8de78 -> 
  custom:SearchIndexIgnoredProperties: e643bd26f0fe6173181afceb89e7c659 -> 
  custom:AudioImporter_EditorPlatform: d09bf68614088b80899f8185d706f6e7 -> 
  custom:video-encoder-webm-vp8: eb34c28f22e8b96e1ab97ce403110664 -> 
  custom:audio-decoder-ogg-vorbis: bf7c407c2cedff20999df2af8eb42d56 -> 
  custom:audio-encoder-webm-vorbis: bf7c407c2cedff20999df2af8eb42d56 -> 
========================================================================
Received Import Request.
  Time since last request: 220241.157067 seconds.
  path: Assets/NewUXMLTemplate.uxml
  artifactKey: Guid(14879705bcc98a0498fd87d4358c0dc9) Importer(815301076,1909f56bfc062723c751e8b465ee728b)
Start importing Assets/NewUXMLTemplate.uxml using Guid(14879705bcc98a0498fd87d4358c0dc9) Importer(815301076,1909f56bfc062723c751e8b465ee728b)  -> (artifact id: 'f0b1683a9e42273daa8058ba8b5528e0') in 0.404903 seconds
Number of updated asset objects reloaded before import = 0
Number of asset objects unloaded after import = 13
========================================================================
Received Import Request.
  Time since last request: 130.787076 seconds.
  path: Assets/fotillos/andres.jpg
  artifactKey: Guid(ecf78807470520742ad3dda6000a463d) Importer(815301076,1909f56bfc062723c751e8b465ee728b)
Start importing Assets/fotillos/andres.jpg using Guid(ecf78807470520742ad3dda6000a463d) Importer(815301076,1909f56bfc062723c751e8b465ee728b)  -> (artifact id: '9f4fffff8572f48bf6852aa1debbebc9') in 0.168635 seconds
Number of updated asset objects reloaded before import = 0
Number of asset objects unloaded after import = 3
========================================================================
Received Import Request.
  Time since last request: 0.000020 seconds.
  path: Assets/fotillos/paigro.jpg
  artifactKey: Guid(ef865d8dcf2498645afddec150d862aa) Importer(815301076,1909f56bfc062723c751e8b465ee728b)
Start importing Assets/fotillos/paigro.jpg using Guid(ef865d8dcf2498645afddec150d862aa) Importer(815301076,1909f56bfc062723c751e8b465ee728b)  -> (artifact id: '680d25e6514bd6e0a3d54c087a790c36') in 0.054253 seconds
Number of updated asset objects reloaded before import = 0
Number of asset objects unloaded after import = 3
========================================================================
Received Import Request.
  Time since last request: 0.000022 seconds.
  path: Assets/fotillos/ines.jpg
  artifactKey: Guid(742b860a4434e314c93ac80ca74ee220) Importer(815301076,1909f56bfc062723c751e8b465ee728b)
Start importing Assets/fotillos/ines.jpg using Guid(742b860a4434e314c93ac80ca74ee220) Importer(815301076,1909f56bfc062723c751e8b465ee728b)  -> (artifact id: '8b1cd86883c3301b2260b7de1312ed68') in 0.024276 seconds
Number of updated asset objects reloaded before import = 0
Number of asset objects unloaded after import = 3
========================================================================
Received Import Request.
  Time since last request: 0.000016 seconds.
  path: Assets/fotillos/nieves.jpg
  artifactKey: Guid(3f15da70a729adb47a282dbf84f89bac) Importer(815301076,1909f56bfc062723c751e8b465ee728b)
Start importing Assets/fotillos/nieves.jpg using Guid(3f15da70a729adb47a282dbf84f89bac) Importer(815301076,1909f56bfc062723c751e8b465ee728b)  -> (artifact id: 'f64edf0ad1ec8ef6eeccf669e1946d6a') in 0.028367 seconds
Number of updated asset objects reloaded before import = 0
Number of asset objects unloaded after import = 3
========================================================================
Received Import Request.
  Time since last request: 0.000015 seconds.
  path: Assets/fotillos/poli.jpg
  artifactKey: Guid(6a9ac74a388831c439bf7b11c1933038) Importer(815301076,1909f56bfc062723c751e8b465ee728b)
Start importing Assets/fotillos/poli.jpg using Guid(6a9ac74a388831c439bf7b11c1933038) Importer(815301076,1909f56bfc062723c751e8b465ee728b)  -> (artifact id: '0daa5377111e4bff57abb8648fb6e7d9') in 0.063591 seconds
Number of updated asset objects reloaded before import = 0
Number of asset objects unloaded after import = 3
========================================================================
Received Import Request.
  Time since last request: 0.000014 seconds.
  path: Assets/fotillos/carmen.jpg
  artifactKey: Guid(11a710b50e0616a4bb83e226e9b661b1) Importer(815301076,1909f56bfc062723c751e8b465ee728b)
Start importing Assets/fotillos/carmen.jpg using Guid(11a710b50e0616a4bb83e226e9b661b1) Importer(815301076,1909f56bfc062723c751e8b465ee728b)  -> (artifact id: '93c2d3b2d66756f4250dab3091090dee') in 0.056883 seconds
Number of updated asset objects reloaded before import = 0
Number of asset objects unloaded after import = 3
========================================================================
Received Import Request.
  Time since last request: 0.000014 seconds.
  path: Assets/fotillos/paulaAlem.jpg
  artifactKey: Guid(7f5d3b2e7d8515f40988231cdaa0f325) Importer(815301076,1909f56bfc062723c751e8b465ee728b)
Start importing Assets/fotillos/paulaAlem.jpg using Guid(7f5d3b2e7d8515f40988231cdaa0f325) Importer(815301076,1909f56bfc062723c751e8b465ee728b)  -> (artifact id: '79a8f26f4d7d45161f3ccf265f6a6e97') in 0.046512 seconds
Number of updated asset objects reloaded before import = 0
Number of asset objects unloaded after import = 3
========================================================================
Received Import Request.
  Time since last request: 0.000019 seconds.
  path: Assets/fotillos/cynthia.jpg
  artifactKey: Guid(db8a8484a5982ec47bf949cbe6f78f5e) Importer(815301076,1909f56bfc062723c751e8b465ee728b)
Start importing Assets/fotillos/cynthia.jpg using Guid(db8a8484a5982ec47bf949cbe6f78f5e) Importer(815301076,1909f56bfc062723c751e8b465ee728b)  -> (artifact id: 'df76a654167235dee255ec1da6522995') in 0.024160 seconds
Number of updated asset objects reloaded before import = 0
Number of asset objects unloaded after import = 3
========================================================================
Received Import Request.
  Time since last request: 0.000023 seconds.
  path: Assets/fotillos/denisa.jpg
  artifactKey: Guid(26c6fa2d92aefbe448c426af489ddb5c) Importer(815301076,1909f56bfc062723c751e8b465ee728b)
Start importing Assets/fotillos/denisa.jpg using Guid(26c6fa2d92aefbe448c426af489ddb5c) Importer(815301076,1909f56bfc062723c751e8b465ee728b)  -> (artifact id: 'b1be323f7e188539ae237bc0af1fd25a') in 0.022413 seconds
Number of updated asset objects reloaded before import = 0
Number of asset objects unloaded after import = 3
========================================================================
Received Import Request.
  Time since last request: 0.000014 seconds.
  path: Assets/fotillos/ari.jpg
  artifactKey: Guid(f9bfa631904ce54479cef50c3e74de4b) Importer(815301076,1909f56bfc062723c751e8b465ee728b)
Start importing Assets/fotillos/ari.jpg using Guid(f9bfa631904ce54479cef50c3e74de4b) Importer(815301076,1909f56bfc062723c751e8b465ee728b)  -> (artifact id: '54b22e20d2fbd18ef54574e4f38c1db1') in 0.025546 seconds
Number of updated asset objects reloaded before import = 0
Number of asset objects unloaded after import = 3
========================================================================
Received Import Request.
  Time since last request: 0.442244 seconds.
  path: Assets/Resources/SampleStyle.uss
  artifactKey: Guid(200a3f4b7c8eeaa46adf7d239cae7adb) Importer(815301076,1909f56bfc062723c751e8b465ee728b)
Start importing Assets/Resources/SampleStyle.uss using Guid(200a3f4b7c8eeaa46adf7d239cae7adb) Importer(815301076,1909f56bfc062723c751e8b465ee728b)  -> (artifact id: 'caa2e1b74ee0d6a15f8b307ce9f6e7f4') in 0.002518 seconds
Number of updated asset objects reloaded before import = 0
Number of asset objects unloaded after import = 1
========================================================================
Received Import Request.
  Time since last request: 2101.082610 seconds.
  path: Assets/NewUXMLTemplate.uxml
  artifactKey: Guid(14879705bcc98a0498fd87d4358c0dc9) Importer(815301076,1909f56bfc062723c751e8b465ee728b)
Start importing Assets/NewUXMLTemplate.uxml using Guid(14879705bcc98a0498fd87d4358c0dc9) Importer(815301076,1909f56bfc062723c751e8b465ee728b)  -> (artifact id: 'fd7ed83685c1b132457332615cb9704c') in 0.517209 seconds
Number of updated asset objects reloaded before import = 0
Number of asset objects unloaded after import = 13
